Sun Aug 28 19:17:41 2016 [1472426261614 msec] (329 s) Thread 21 - [AdminCommands] TOXIC used '/setspeed' on (null) with params '1'
Sun Aug 28 19:54:39 2016 [1472428479170 msec] (2546 s) Thread 25 - [AdminCommands] Thesy used '/resource' on (null) with params 'info nebiium'
Sun Aug 28 20:03:21 2016 [1472429001704 msec] (3069 s) Thread 25 - [AdminCommands] Noel used '/setspeed' on (null) with params '30'
Sun Aug 28 20:19:57 2016 [1472429997328 msec] (4064 s) Thread 25 - [AdminCommands] Ninjago used '/snoop' on (null) with params ''
Sun Aug 28 20:25:19 2016 [1472430319331 msec] (4386 s) Thread 18 - [AdminCommands] Ninjago used '/freezeplayer' on Haldamere Quickshot(Player) with params ''
Sun Aug 28 20:25:30 2016 [1472430330571 msec] (4398 s) Thread 24 - [AdminCommands] TOXIC used '/teleportto' on (null) with params 'haldamere'
Sun Aug 28 20:25:52 2016 [1472430352879 msec] (4420 s) Thread 23 - [AdminCommands] Ninjago used '/invulnerable' on (null) with params 'invisible'
Sun Aug 28 20:26:35 2016 [1472430395449 msec] (4462 s) Thread 24 - [AdminCommands] Ninjago used '/unfreezeplayer' on Haldamere Quickshot(Player) with params ''
Sun Aug 28 20:28:44 2016 [1472430524865 msec] (4592 s) Thread 20 - [AdminCommands] Ninjago used '/invulnerable' on (null) with params 'invisible'
Sun Aug 28 21:03:50 2016 [1472432630304 msec] (6697 s) Thread 19 - [AdminCommands] Ninjago used '/setspeed' on An Elevator Terminal(NPC) with params '5'
Sun Aug 28 21:19:48 2016 [1472433588643 msec] (7656 s) Thread 20 - [AdminCommands] Ninjago used '/snoop' on (null) with params 'equipment'
Sun Aug 28 21:24:19 2016 [1472433859808 msec] (7927 s) Thread 24 - [AdminCommands] Ninjago used '/teleportto' on (null) with params 'baba'
Sun Aug 28 21:25:18 2016 [1472433918693 msec] (7986 s) Thread 22 - [AdminCommands] Ninjago used '/teleport' on (null) with params 'to launi'
Sun Aug 28 21:25:32 2016 [1472433932866 msec] (8000 s) Thread 24 - [AdminCommands] Ninjago used '/teleportto' on (null) with params 'launi'
Sun Aug 28 21:25:51 2016 [1472433951418 msec] (8018 s) Thread 22 - [AdminCommands] Ninjago used '/invulnerable' on (null) with params 'invisible'
Sun Aug 28 21:26:37 2016 [1472433997846 msec] (8065 s) Thread 18 - [AdminCommands] Ninjago used '/setfaction' on Launi Reinhart(Player) with params 'covert'
Sun Aug 28 21:26:52 2016 [1472434012597 msec] (8080 s) Thread 21 - [AdminCommands] Ninjago used '/setfaction' on Launi Reinhart(Player) with params 'rebel covert'
Sun Aug 28 21:27:56 2016 [1472434076440 msec] (8143 s) Thread 19 - [AdminCommands] Ninjago used '/setfaction' on Boba Fet(Player) with params 'imperial covert'
Sun Aug 28 21:37:07 2016 [1472434627861 msec] (8695 s) Thread 24 - [AdminCommands] Ninjago used '/setspeed' on Boba Fet(Player) with params '5'
Sun Aug 28 21:38:22 2016 [1472434702805 msec] (8770 s) Thread 18 - [AdminCommands] Ninjago used '/invulnerable' on (null) with params 'invisible'
Sun Aug 28 22:43:33 2016 [1472438613733 msec] (12681 s) Thread 22 - [AdminCommands] TOXIC used '/broadcast' on (null) with params 'Clone Camping Fix Has been pushed It ill be in effect on the next Restart . Restart wont happen until 5am'
Sun Aug 28 22:47:19 2016 [1472438839592 msec] (12907 s) Thread 21 - [AdminCommands] TOXIC used '/teleportto' on (null) with params 'Thesy'
Sun Aug 28 22:53:29 2016 [1472439209198 msec] (13276 s) Thread 23 - [AdminCommands] Noel used '/teleportto' on (null) with params 'ramsey'
Sun Aug 28 22:53:47 2016 [1472439227909 msec] (13295 s) Thread 22 - [AdminCommands] Noel used '/setspeed' on (null) with params '30'
Sun Aug 28 22:54:21 2016 [1472439261246 msec] (13328 s) Thread 22 - [AdminCommands] Noel used '/setspeed' on (null) with params '10'
Mon Aug 29 00:42:09 2016 [1472445729517 msec] (19797 s) Thread 20 - [AdminCommands] TOXIC used '/teleportto' on (null) with params 'pax'
Mon Aug 29 01:25:46 2016 [1472448346955 msec] (22414 s) Thread 25 - [AdminCommands] TOXIC used '/createcreature' on (null) with params 'crazy_larry'
Mon Aug 29 03:48:30 2016 [1472456910779 msec] (30978 s) Thread 19 - [AdminCommands] TOXIC used '/server' on (null) with params 'playermanager listjedi'
